<?xml version="1.0" encoding="UTF-8"?>
<!-- Generated by org.testng.reporters.JUnitReportReporter -->
<testsuite skipped="0" hostname="P3B-6L65NK2" name="SelCaseStudy.NewTest" tests="3" failures="0" timestamp="24 Dec 2019 09:36:33 GMT" time="68.780" errors="0">
  <testcase name="registration" time="65.773" classname="SelCaseStudy.NewTest"/>
  <testcase name="Login" time="0.569" classname="SelCaseStudy.NewTest"/>
  <testcase name="AddtoCart" time="2.438" classname="SelCaseStudy.NewTest"/>
</testsuite> <!-- SelCaseStudy.NewTest -->
